app/build/intermediates/manifest_merge_blame_file/debug/manifest-merger-blame-debug-report.txt
1<?xml version="1.0" encoding="utf-8"?>
2<manifest xmlns:android="http://schemas.android.com/apk/res/android"
3    package="com.example.routevisual"
4    android:versionCode="1"
5    android:versionName="1.0" >
6
7    <uses-sdk
8        android:minSdkVersion="28"
8-->src/main/AndroidManifest.xml
9        android:targetSdkVersion="29" />
9-->src/main/AndroidManifest.xml
10
11    <!--
12         The ACCESS_COARSE/FINE_LOCATION permissions are not required to use
13         Google Maps Android API v2, but you must specify either coarse or fine
14         location permissions for the "MyLocation" functionality.
15    -->
16    <uses-permission android:name="android.permission.ACCESS_FINE_LOCATION" />
16-->src/main/AndroidManifest.xml:10:5-79
16-->src/main/AndroidManifest.xml:10:22-76
17
18    <!-- Include required permissions for Google Maps API to run. -->
19    <uses-permission android:name="android.permission.ACCESS_NETWORK_STATE" />
19-->[com.google.android.gms:play-services-maps:17.0.0] AndroidManifest.xml:23:5-79
19-->[com.google.android.gms:play-services-maps:17.0.0] AndroidManifest.xml:23:22-76
20    <uses-permission android:name="android.permission.INTERNET" />
20-->[com.google.android.gms:play-services-maps:17.0.0] AndroidManifest.xml:24:5-67
20-->[com.google.android.gms:play-services-maps:17.0.0] AndroidManifest.xml:24:22-64
21
22    <uses-feature
22-->[com.google.android.gms:play-services-maps:17.0.0] AndroidManifest.xml:26:5-28:35
23        android:glEsVersion="0x00020000"
23-->[com.google.android.gms:play-services-maps:17.0.0] AndroidManifest.xml:27:9-41
24        android:required="true" />
24-->[com.google.android.gms:play-services-maps:17.0.0] AndroidManifest.xml:28:9-32
25
26    <uses-permission android:name="android.permission.WAKE_LOCK" /> <!-- Required by older versions of Google Play services to create IID tokens -->
26-->[com.google.android.gms:play-services-measurement-api:17.0.0] AndroidManifest.xml:24:5-68
26-->[com.google.android.gms:play-services-measurement-api:17.0.0] AndroidManifest.xml:24:22-65
27    <uses-permission android:name="com.google.android.c2dm.permission.RECEIVE" />
27-->[com.google.firebase:firebase-iid:19.0.0] AndroidManifest.xml:26:5-82
27-->[com.google.firebase:firebase-iid:19.0.0] AndroidManifest.xml:26:22-79
28    <uses-permission android:name="com.google.android.finsky.permission.BIND_GET_INSTALL_REFERRER_SERVICE" />
28-->[com.google.android.gms:play-services-measurement:17.0.0] AndroidManifest.xml:26:5-110
28-->[com.google.android.gms:play-services-measurement:17.0.0] AndroidManifest.xml:26:22-107
29
30    <application
30-->src/main/AndroidManifest.xml:12:5-42:19
31        android:allowBackup="true"
31-->src/main/AndroidManifest.xml:13:9-35
32        android:appComponentFactory="androidx.core.app.CoreComponentFactory"
32-->[androidx.core:core:1.2.0] AndroidManifest.xml:24:18-86
33        android:debuggable="true"
34        android:extractNativeLibs="false"
35        android:icon="@mipmap/ic_launcher"
35-->src/main/AndroidManifest.xml:14:9-43
36        android:label="@string/app_name"
36-->src/main/AndroidManifest.xml:15:9-41
37        android:roundIcon="@mipmap/ic_launcher_round"
37-->src/main/AndroidManifest.xml:16:9-54
38        android:supportsRtl="true"
38-->src/main/AndroidManifest.xml:17:9-35
39        android:testOnly="true"
40        android:theme="@style/Theme.RouteVisual" >
40-->src/main/AndroidManifest.xml:18:9-49
41
42        <!--
43             The API key for Google Maps-based APIs is defined as a string resource.
44             (See the file "res/values/google_maps_api.xml").
45             Note that the API key is linked to the encryption key used to sign the APK.
46             You need a different API key for each encryption key, including the release key that is used to
47             sign the APK for publishing.
48             You can define the keys for the debug and release targets in src/debug/ and src/release/.
49        -->
50        <meta-data
50-->src/main/AndroidManifest.xml:28:9-30:55
51            android:name="com.google.android.geo.API_KEY"
51-->src/main/AndroidManifest.xml:29:13-58
52            android:value="@string/google_maps_key" />
52-->src/main/AndroidManifest.xml:30:13-52
53
54        <activity
54-->src/main/AndroidManifest.xml:32:9-41:20
55            android:name="com.example.routevisual.MapsActivity"
55-->src/main/AndroidManifest.xml:33:13-41
56            android:label="@string/title_activity_maps"
56-->src/main/AndroidManifest.xml:35:13-56
57            android:screenOrientation="portrait" >
57-->src/main/AndroidManifest.xml:34:13-49
58            <intent-filter>
58-->src/main/AndroidManifest.xml:36:13-40:29
59                <action android:name="android.intent.action.MAIN" />
59-->src/main/AndroidManifest.xml:37:17-69
59-->src/main/AndroidManifest.xml:37:25-66
60
61                <category android:name="android.intent.category.LAUNCHER" />
61-->src/main/AndroidManifest.xml:39:17-77
61-->src/main/AndroidManifest.xml:39:27-74
62            </intent-filter>
63        </activity>
64        <!-- Needs to be explicitly declared on P+ -->
65        <uses-library
65-->[com.google.android.gms:play-services-maps:17.0.0] AndroidManifest.xml:33:9-35:40
66            android:name="org.apache.http.legacy"
66-->[com.google.android.gms:play-services-maps:17.0.0] AndroidManifest.xml:34:13-50
67            android:required="false" />
67-->[com.google.android.gms:play-services-maps:17.0.0] AndroidManifest.xml:35:13-37
68
69        <service
69-->[com.google.android.gms:play-services-measurement-api:17.0.0] AndroidManifest.xml:27:9-33:19
70            android:name="com.google.firebase.components.ComponentDiscoveryService"
70-->[com.google.android.gms:play-services-measurement-api:17.0.0] AndroidManifest.xml:28:13-84
71            android:exported="false" >
71-->[com.google.android.gms:play-services-measurement-api:17.0.0] AndroidManifest.xml:29:13-37
72            <meta-data
72-->[com.google.android.gms:play-services-measurement-api:17.0.0] AndroidManifest.xml:30:13-32:85
73                android:name="com.google.firebase.components:com.google.firebase.analytics.connector.internal.AnalyticsConnectorRegistrar"
73-->[com.google.android.gms:play-services-measurement-api:17.0.0] AndroidManifest.xml:31:17-139
74                android:value="com.google.firebase.components.ComponentRegistrar" />
74-->[com.google.android.gms:play-services-measurement-api:17.0.0] AndroidManifest.xml:32:17-82
75            <meta-data
75-->[com.google.firebase:firebase-iid:19.0.0] AndroidManifest.xml:32:13-34:85
76                android:name="com.google.firebase.components:com.google.firebase.iid.Registrar"
76-->[com.google.firebase:firebase-iid:19.0.0] AndroidManifest.xml:33:17-96
77                android:value="com.google.firebase.components.ComponentRegistrar" />
77-->[com.google.firebase:firebase-iid:19.0.0] AndroidManifest.xml:34:17-82
78        </service>
79
80        <receiver
80-->[com.google.firebase:firebase-iid:19.0.0] AndroidManifest.xml:37:9-44:20
81            android:name="com.google.firebase.iid.FirebaseInstanceIdReceiver"
81-->[com.google.firebase:firebase-iid:19.0.0] AndroidManifest.xml:38:13-78
82            android:exported="true"
82-->[com.google.firebase:firebase-iid:19.0.0] AndroidManifest.xml:39:13-36
83            android:permission="com.google.android.c2dm.permission.SEND" >
83-->[com.google.firebase:firebase-iid:19.0.0] AndroidManifest.xml:40:13-73
84            <intent-filter>
84-->[com.google.firebase:firebase-iid:19.0.0] AndroidManifest.xml:41:13-43:29
85                <action android:name="com.google.android.c2dm.intent.RECEIVE" />
85-->[com.google.firebase:firebase-iid:19.0.0] AndroidManifest.xml:42:17-81
85-->[com.google.firebase:firebase-iid:19.0.0] AndroidManifest.xml:42:25-78
86            </intent-filter>
87        </receiver>
88
89        <activity
89-->[com.google.android.gms:play-services-base:17.0.0] AndroidManifest.xml:23:9-26:75
90            android:name="com.google.android.gms.common.api.GoogleApiActivity"
90-->[com.google.android.gms:play-services-base:17.0.0] AndroidManifest.xml:24:13-79
91            android:exported="false"
91-->[com.google.android.gms:play-services-base:17.0.0] AndroidManifest.xml:25:13-37
92            android:theme="@android:style/Theme.Translucent.NoTitleBar" />
92-->[com.google.android.gms:play-services-base:17.0.0] AndroidManifest.xml:26:13-72
93
94        <receiver
94-->[com.google.android.gms:play-services-measurement:17.0.0] AndroidManifest.xml:29:9-33:20
95            android:name="com.google.android.gms.measurement.AppMeasurementReceiver"
95-->[com.google.android.gms:play-services-measurement:17.0.0] AndroidManifest.xml:30:13-85
96            android:enabled="true"
96-->[com.google.android.gms:play-services-measurement:17.0.0] AndroidManifest.xml:31:13-35
97            android:exported="false" >
97-->[com.google.android.gms:play-services-measurement:17.0.0] AndroidManifest.xml:32:13-37
98        </receiver>
99        <receiver
99-->[com.google.android.gms:play-services-measurement:17.0.0] AndroidManifest.xml:34:9-42:20
100            android:name="com.google.android.gms.measurement.AppMeasurementInstallReferrerReceiver"
100-->[com.google.android.gms:play-services-measurement:17.0.0] AndroidManifest.xml:35:13-100
101            android:enabled="true"
101-->[com.google.android.gms:play-services-measurement:17.0.0] AndroidManifest.xml:36:13-35
102            android:exported="true"
102-->[com.google.android.gms:play-services-measurement:17.0.0] AndroidManifest.xml:37:13-36
103            android:permission="android.permission.INSTALL_PACKAGES" >
103-->[com.google.android.gms:play-services-measurement:17.0.0] AndroidManifest.xml:38:13-69
104            <intent-filter>
104-->[com.google.android.gms:play-services-measurement:17.0.0] AndroidManifest.xml:39:13-41:29
105                <action android:name="com.android.vending.INSTALL_REFERRER" />
105-->[com.google.android.gms:play-services-measurement:17.0.0] AndroidManifest.xml:40:17-79
105-->[com.google.android.gms:play-services-measurement:17.0.0] AndroidManifest.xml:40:25-76
106            </intent-filter>
107        </receiver>
108
109        <service
109-->[com.google.android.gms:play-services-measurement:17.0.0] AndroidManifest.xml:44:9-47:40
110            android:name="com.google.android.gms.measurement.AppMeasurementService"
110-->[com.google.android.gms:play-services-measurement:17.0.0] AndroidManifest.xml:45:13-84
111            android:enabled="true"
111-->[com.google.android.gms:play-services-measurement:17.0.0] AndroidManifest.xml:46:13-35
112            android:exported="false" />
112-->[com.google.android.gms:play-services-measurement:17.0.0] AndroidManifest.xml:47:13-37
113        <service
113-->[com.google.android.gms:play-services-measurement:17.0.0] AndroidManifest.xml:48:9-52:72
114            android:name="com.google.android.gms.measurement.AppMeasurementJobService"
114-->[com.google.android.gms:play-services-measurement:17.0.0] AndroidManifest.xml:49:13-87
115            android:enabled="true"
115-->[com.google.android.gms:play-services-measurement:17.0.0] AndroidManifest.xml:50:13-35
116            android:exported="false"
116-->[com.google.android.gms:play-services-measurement:17.0.0] AndroidManifest.xml:51:13-37
117            android:permission="android.permission.BIND_JOB_SERVICE" />
117-->[com.google.android.gms:play-services-measurement:17.0.0] AndroidManifest.xml:52:13-69
118
119        <provider
119-->[com.google.firebase:firebase-common:18.0.0] AndroidManifest.xml:12:9-16:39
120            android:name="com.google.firebase.provider.FirebaseInitProvider"
120-->[com.google.firebase:firebase-common:18.0.0] AndroidManifest.xml:13:13-77
121            android:authorities="com.example.routevisual.firebaseinitprovider"
121-->[com.google.firebase:firebase-common:18.0.0] AndroidManifest.xml:14:13-72
122            android:exported="false"
122-->[com.google.firebase:firebase-common:18.0.0] AndroidManifest.xml:15:13-37
123            android:initOrder="100" />
123-->[com.google.firebase:firebase-common:18.0.0] AndroidManifest.xml:16:13-36
124
125        <meta-data
125-->[com.google.android.gms:play-services-basement:17.0.0] AndroidManifest.xml:23:9-25:69
126            android:name="com.google.android.gms.version"
126-->[com.google.android.gms:play-services-basement:17.0.0] AndroidManifest.xml:24:13-58
127            android:value="@integer/google_play_services_version" />
127-->[com.google.android.gms:play-services-basement:17.0.0] AndroidManifest.xml:25:13-66
128    </application>
129
130</manifest>